# JRE version: Java(TM) SE Runtime Environment (8.0_321-b07) (build 1.8.0_321-b07)
# Java VM: Java HotSpot(TM) 64-Bit Server VM (25.321-b07 mixed mode bsd-amd64 compressed oops)
Heap:
 PSYoungGen      total 476672K, used 373809K [0x000000066ab00000, 0x0000000693800000, 0x00000007c0000000)
  eden space 470016K, 79% used [0x000000066ab00000,0x000000068180c658,0x0000000687600000)
  from space 6656K, 0% used [0x0000000691a80000,0x0000000691a80000,0x0000000692100000)
  to   space 19968K, 0% used [0x0000000692480000,0x0000000692480000,0x0000000693800000)
 ParOldGen       total 119296K, used 26850K [0x00000003c0000000, 0x00000003c7480000, 0x000000066ab00000)
  object space 119296K, 22% used [0x00000003c0000000,0x00000003c1a389d0,0x00000003c7480000)
 Metaspace       used 92539K, capacity 101214K, committed 101288K, reserved 1136640K
  class space    used 12322K, capacity 13171K, committed 13232K, reserved 1048576K
GC Heap History (10 events):
Event: 41.909 GC heap before
{Heap before GC invocations=13 (full 3):
 PSYoungGen      total 407040K, used 407025K [0x000000066ab00000, 0x000000068d680000, 0x00000007c0000000)
  eden space 391168K, 100% used [0x000000066ab00000,0x0000000682900000,0x0000000682900000)
  from space 15872K, 99% used [0x0000000682900000,0x000000068387c7c0,0x0000000683880000)
  to   space 20992K, 0% used [0x000000068c200000,0x000000068c200000,0x000000068d680000)
 ParOldGen       total 93696K, used 31043K [0x00000003c0000000, 0x00000003c5b80000, 0x000000066ab00000)
  object space 93696K, 33% used [0x00000003c0000000,0x00000003c1e50dd8,0x00000003c5b80000)
 Metaspace       used 77797K, capacity 82583K, committed 82736K, reserved 1122304K
  class space    used 10033K, capacity 10459K, committed 10544K, reserved 1048576K
Event: 41.937 GC heap after
Heap after GC invocations=13 (full 3):
 PSYoungGen      total 518656K, used 6901K [0x000000066ab00000, 0x000000068c900000, 0x00000007c0000000)
  eden space 511488K, 0% used [0x000000066ab00000,0x000000066ab00000,0x0000000689e80000)
  from space 7168K, 96% used [0x000000068c200000,0x000000068c8bd4a0,0x000000068c900000)
  to   space 20480K, 0% used [0x000000068a100000,0x000000068a100000,0x000000068b500000)
 ParOldGen       total 93696K, used 31051K [0x00000003c0000000, 0x00000003c5b80000, 0x000000066ab00000)
  object space 93696K, 33% used [0x00000003c0000000,0x00000003c1e52dd8,0x00000003c5b80000)
 Metaspace       used 77797K, capacity 82583K, committed 82736K, reserved 1122304K
  class space    used 10033K, capacity 10459K, committed 10544K, reserved 1048576K
}
Event: 221.643 GC heap before
{Heap before GC invocations=14 (full 3):
 PSYoungGen      total 518656K, used 518389K [0x000000066ab00000, 0x000000068c900000, 0x00000007c0000000)
  eden space 511488K, 100% used [0x000000066ab00000,0x0000000689e80000,0x0000000689e80000)
  from space 7168K, 96% used [0x000000068c200000,0x000000068c8bd4a0,0x000000068c900000)
  to   space 20480K, 0% used [0x000000068a100000,0x000000068a100000,0x000000068b500000)
 ParOldGen       total 93696K, used 31051K [0x00000003c0000000, 0x00000003c5b80000, 0x000000066ab00000)
  object space 93696K, 33% used [0x00000003c0000000,0x00000003c1e52dd8,0x00000003c5b80000)
 Metaspace       used 77927K, capacity 82737K, committed 82992K, reserved 1122304K
  class space    used 10042K, capacity 10462K, committed 10544K, reserved 1048576K
Event: 221.685 GC heap after
Heap after GC invocations=14 (full 3):
 PSYoungGen      total 534528K, used 608K [0x000000066ab00000, 0x0000000694c00000, 0x00000007c0000000)
  eden space 514048K, 0% used [0x000000066ab00000,0x000000066ab00000,0x000000068a100000)
  from space 20480K, 2% used [0x000000068a100000,0x000000068a198060,0x000000068b500000)
  to   space 20992K, 0% used [0x0000000693780000,0x0000000693780000,0x0000000694c00000)
 ParOldGen       total 93696K, used 37246K [0x00000003c0000000, 0x00000003c5b80000, 0x000000066ab00000)
  object space 93696K, 39% used [0x00000003c0000000,0x00000003c245fb50,0x00000003c5b80000)
 Metaspace       used 77927K, capacity 82737K, committed 82992K, reserved 1122304K
  class space    used 10042K, capacity 10462K, committed 10544K, reserved 1048576K
}
Event: 333.519 GC heap before
{Heap before GC invocations=15 (full 3):
 PSYoungGen      total 534528K, used 514656K [0x000000066ab00000, 0x0000000694c00000, 0x00000007c0000000)
  eden space 514048K, 100% used [0x000000066ab00000,0x000000068a100000,0x000000068a100000)
  from space 20480K, 2% used [0x000000068a100000,0x000000068a198060,0x000000068b500000)
  to   space 20992K, 0% used [0x0000000693780000,0x0000000693780000,0x0000000694c00000)
 ParOldGen       total 93696K, used 37246K [0x00000003c0000000, 0x00000003c5b80000, 0x000000066ab00000)
  object space 93696K, 39% used [0x00000003c0000000,0x00000003c245fb50,0x00000003c5b80000)
 Metaspace       used 88991K, capacity 96043K, committed 96176K, reserved 1132544K
  class space    used 11788K, capacity 12448K, committed 12464K, reserved 1048576K
Event: 333.530 GC heap after
Heap after GC invocations=15 (full 3):
 PSYoungGen      total 502784K, used 11193K [0x000000066ab00000, 0x0000000694280000, 0x00000007c0000000)
  eden space 491520K, 0% used [0x000000066ab00000,0x000000066ab00000,0x0000000688b00000)
  from space 11264K, 99% used [0x0000000693780000,0x000000069426e4e0,0x0000000694280000)
  to   space 20480K, 0% used [0x0000000691a80000,0x0000000691a80000,0x0000000692e80000)
 ParOldGen       total 93696K, used 37254K [0x00000003c0000000, 0x00000003c5b80000, 0x000000066ab00000)
  object space 93696K, 39% used [0x00000003c0000000,0x00000003c2461b50,0x00000003c5b80000)
 Metaspace       used 88991K, capacity 96043K, committed 96176K, reserved 1132544K
  class space    used 11788K, capacity 12448K, committed 12464K, reserved 1048576K
}
Event: 333.941 GC heap before
{Heap before GC invocations=16 (full 3):
 PSYoungGen      total 502784K, used 69363K [0x000000066ab00000, 0x0000000694280000, 0x00000007c0000000)
  eden space 491520K, 11% used [0x000000066ab00000,0x000000066e3ce868,0x0000000688b00000)
  from space 11264K, 99% used [0x0000000693780000,0x000000069426e4e0,0x0000000694280000)
  to   space 20480K, 0% used [0x0000000691a80000,0x0000000691a80000,0x0000000692e80000)
 ParOldGen       total 93696K, used 37254K [0x00000003c0000000, 0x00000003c5b80000, 0x000000066ab00000)
  object space 93696K, 39% used [0x00000003c0000000,0x00000003c2461b50,0x00000003c5b80000)
 Metaspace       used 90284K, capacity 98514K, committed 98600K, reserved 1134592K
  class space    used 12045K, capacity 12848K, committed 12848K, reserved 1048576K
Event: 333.946 GC heap after
Heap after GC invocations=16 (full 3):
 PSYoungGen      total 476672K, used 6354K [0x000000066ab00000, 0x0000000693800000, 0x00000007c0000000)
  eden space 470016K, 0% used [0x000000066ab00000,0x000000066ab00000,0x0000000687600000)
  from space 6656K, 95% used [0x0000000691a80000,0x00000006920b4b50,0x0000000692100000)
  to   space 19968K, 0% used [0x0000000692480000,0x0000000692480000,0x0000000693800000)
 ParOldGen       total 93696K, used 37262K [0x00000003c0000000, 0x00000003c5b80000, 0x000000066ab00000)
  object space 93696K, 39% used [0x00000003c0000000,0x00000003c2463b50,0x00000003c5b80000)
 Metaspace       used 90284K, capacity 98514K, committed 98600K, reserved 1134592K
  class space    used 12045K, capacity 12848K, committed 12848K, reserved 1048576K
}
Event: 333.946 GC heap before
{Heap before GC invocations=17 (full 4):
 PSYoungGen      total 476672K, used 6354K [0x000000066ab00000, 0x0000000693800000, 0x00000007c0000000)
  eden space 470016K, 0% used [0x000000066ab00000,0x000000066ab00000,0x0000000687600000)
  from space 6656K, 95% used [0x0000000691a80000,0x00000006920b4b50,0x0000000692100000)
  to   space 19968K, 0% used [0x0000000692480000,0x0000000692480000,0x0000000693800000)
 ParOldGen       total 93696K, used 37262K [0x00000003c0000000, 0x00000003c5b80000, 0x000000066ab00000)
  object space 93696K, 39% used [0x00000003c0000000,0x00000003c2463b50,0x00000003c5b80000)
 Metaspace       used 90284K, capacity 98514K, committed 98600K, reserved 1134592K
  class space    used 12045K, capacity 12848K, committed 12848K, reserved 1048576K
Event: 334.059 GC heap after
Heap after GC invocations=17 (full 4):
 PSYoungGen      total 476672K, used 0K [0x000000066ab00000, 0x0000000693800000, 0x00000007c0000000)
  eden space 470016K, 0% used [0x000000066ab00000,0x000000066ab00000,0x0000000687600000)
  from space 6656K, 0% used [0x0000000691a80000,0x0000000691a80000,0x0000000692100000)
  to   space 19968K, 0% used [0x0000000692480000,0x0000000692480000,0x0000000693800000)
 ParOldGen       total 119296K, used 26850K [0x00000003c0000000, 0x00000003c7480000, 0x000000066ab00000)
  object space 119296K, 22% used [0x00000003c0000000,0x00000003c1a389d0,0x00000003c7480000)
 Metaspace       used 90281K, capacity 98508K, committed 98600K, reserved 1134592K
  class space    used 12044K, capacity 12847K, committed 12848K, reserved 1048576K
}

