# JRE version: Java(TM) SE Runtime Environment (8.0_321-b07) (build 1.8.0_321-b07)
# Java VM: Java HotSpot(TM) 64-Bit Server VM (25.321-b07 mixed mode bsd-amd64 compressed oops)
Heap:
 PSYoungGen      total 556032K, used 433637K [0x000000066ab00000, 0x0000000698300000, 0x00000007c0000000)
  eden space 533504K, 81% used [0x000000066ab00000,0x0000000685279760,0x000000068b400000)
  from space 22528K, 0% used [0x000000068b400000,0x000000068b400000,0x000000068ca00000)
  to   space 22528K, 0% used [0x0000000696d00000,0x0000000696d00000,0x0000000698300000)
 ParOldGen       total 114688K, used 27203K [0x00000003c0000000, 0x00000003c7000000, 0x000000066ab00000)
  object space 114688K, 23% used [0x00000003c0000000,0x00000003c1a90f98,0x00000003c7000000)
 Metaspace       used 92462K, capacity 101095K, committed 101296K, reserved 1136640K
  class space    used 12347K, capacity 13220K, committed 13232K, reserved 1048576K
GC Heap History (10 events):
Event: 9.541 GC heap before
{Heap before GC invocations=11 (full 3):
 PSYoungGen      total 413184K, used 12274K [0x000000066ab00000, 0x0000000685180000, 0x00000007c0000000)
  eden space 400896K, 0% used [0x000000066ab00000,0x000000066ab00000,0x0000000683280000)
  from space 12288K, 99% used [0x0000000684280000,0x0000000684e7c978,0x0000000684e80000)
  to   space 15872K, 0% used [0x0000000683280000,0x0000000683280000,0x0000000684200000)
 ParOldGen       total 64000K, used 14257K [0x00000003c0000000, 0x00000003c3e80000, 0x000000066ab00000)
  object space 64000K, 22% used [0x00000003c0000000,0x00000003c0dec430,0x00000003c3e80000)
 Metaspace       used 55842K, capacity 58975K, committed 59160K, reserved 1101824K
  class space    used 7195K, capacity 7512K, committed 7600K, reserved 1048576K
Event: 9.623 GC heap after
Heap after GC invocations=11 (full 3):
 PSYoungGen      total 413184K, used 0K [0x000000066ab00000, 0x0000000685180000, 0x00000007c0000000)
  eden space 400896K, 0% used [0x000000066ab00000,0x000000066ab00000,0x0000000683280000)
  from space 12288K, 0% used [0x0000000684280000,0x0000000684280000,0x0000000684e80000)
  to   space 15872K, 0% used [0x0000000683280000,0x0000000683280000,0x0000000684200000)
 ParOldGen       total 91136K, used 23744K [0x00000003c0000000, 0x00000003c5900000, 0x000000066ab00000)
  object space 91136K, 26% used [0x00000003c0000000,0x00000003c1730018,0x00000003c5900000)
 Metaspace       used 55840K, capacity 58969K, committed 59160K, reserved 1101824K
  class space    used 7194K, capacity 7511K, committed 7600K, reserved 1048576K
}
Event: 13.391 GC heap before
{Heap before GC invocations=12 (full 3):
 PSYoungGen      total 413184K, used 400896K [0x000000066ab00000, 0x0000000685180000, 0x00000007c0000000)
  eden space 400896K, 100% used [0x000000066ab00000,0x0000000683280000,0x0000000683280000)
  from space 12288K, 0% used [0x0000000684280000,0x0000000684280000,0x0000000684e80000)
  to   space 15872K, 0% used [0x0000000683280000,0x0000000683280000,0x0000000684200000)
 ParOldGen       total 91136K, used 23744K [0x00000003c0000000, 0x00000003c5900000, 0x000000066ab00000)
  object space 91136K, 26% used [0x00000003c0000000,0x00000003c1730018,0x00000003c5900000)
 Metaspace       used 77069K, capacity 81679K, committed 81840K, reserved 1120256K
  class space    used 9936K, capacity 10367K, committed 10416K, reserved 1048576K
Event: 13.415 GC heap after
Heap after GC invocations=12 (full 3):
 PSYoungGen      total 416768K, used 15861K [0x000000066ab00000, 0x000000068e580000, 0x00000007c0000000)
  eden space 400896K, 0% used [0x000000066ab00000,0x000000066ab00000,0x0000000683280000)
  from space 15872K, 99% used [0x0000000683280000,0x00000006841fd418,0x0000000684200000)
  to   space 21504K, 0% used [0x000000068d080000,0x000000068d080000,0x000000068e580000)
 ParOldGen       total 91136K, used 31497K [0x00000003c0000000, 0x00000003c5900000, 0x000000066ab00000)
  object space 91136K, 34% used [0x00000003c0000000,0x00000003c1ec25b0,0x00000003c5900000)
 Metaspace       used 77069K, capacity 81679K, committed 81840K, reserved 1120256K
  class space    used 9936K, capacity 10367K, committed 10416K, reserved 1048576K
}
Event: 17.788 GC heap before
{Heap before GC invocations=13 (full 3):
 PSYoungGen      total 416768K, used 416757K [0x000000066ab00000, 0x000000068e580000, 0x00000007c0000000)
  eden space 400896K, 100% used [0x000000066ab00000,0x0000000683280000,0x0000000683280000)
  from space 15872K, 99% used [0x0000000683280000,0x00000006841fd418,0x0000000684200000)
  to   space 21504K, 0% used [0x000000068d080000,0x000000068d080000,0x000000068e580000)
 ParOldGen       total 91136K, used 31497K [0x00000003c0000000, 0x00000003c5900000, 0x000000066ab00000)
  object space 91136K, 34% used [0x00000003c0000000,0x00000003c1ec25b0,0x00000003c5900000)
 Metaspace       used 87610K, capacity 93829K, committed 94128K, reserved 1130496K
  class space    used 11560K, capacity 12120K, committed 12208K, reserved 1048576K
Event: 17.805 GC heap after
Heap after GC invocations=13 (full 3):
 PSYoungGen      total 543744K, used 15797K [0x000000066ab00000, 0x000000068e000000, 0x00000007c0000000)
  eden space 527872K, 0% used [0x000000066ab00000,0x000000066ab00000,0x000000068ae80000)
  from space 15872K, 99% used [0x000000068d080000,0x000000068dfed7a8,0x000000068e000000)
  to   space 22528K, 0% used [0x000000068b400000,0x000000068b400000,0x000000068ca00000)
 ParOldGen       total 91136K, used 31505K [0x00000003c0000000, 0x00000003c5900000, 0x000000066ab00000)
  object space 91136K, 34% used [0x00000003c0000000,0x00000003c1ec45b0,0x00000003c5900000)
 Metaspace       used 87610K, capacity 93829K, committed 94128K, reserved 1130496K
  class space    used 11560K, capacity 12120K, committed 12208K, reserved 1048576K
}
Event: 18.506 GC heap before
{Heap before GC invocations=14 (full 3):
 PSYoungGen      total 543744K, used 122945K [0x000000066ab00000, 0x000000068e000000, 0x00000007c0000000)
  eden space 527872K, 20% used [0x000000066ab00000,0x00000006713a2e58,0x000000068ae80000)
  from space 15872K, 99% used [0x000000068d080000,0x000000068dfed7a8,0x000000068e000000)
  to   space 22528K, 0% used [0x000000068b400000,0x000000068b400000,0x000000068ca00000)
 ParOldGen       total 91136K, used 31505K [0x00000003c0000000, 0x00000003c5900000, 0x000000066ab00000)
  object space 91136K, 34% used [0x00000003c0000000,0x00000003c1ec45b0,0x00000003c5900000)
 Metaspace       used 90276K, capacity 98505K, committed 98600K, reserved 1134592K
  class space    used 12088K, capacity 12917K, committed 12976K, reserved 1048576K
Event: 18.519 GC heap after
Heap after GC invocations=14 (full 3):
 PSYoungGen      total 556032K, used 3882K [0x000000066ab00000, 0x0000000698300000, 0x00000007c0000000)
  eden space 533504K, 0% used [0x000000066ab00000,0x000000066ab00000,0x000000068b400000)
  from space 22528K, 17% used [0x000000068b400000,0x000000068b7caae0,0x000000068ca00000)
  to   space 22528K, 0% used [0x0000000696d00000,0x0000000696d00000,0x0000000698300000)
 ParOldGen       total 91136K, used 40538K [0x00000003c0000000, 0x00000003c5900000, 0x000000066ab00000)
  object space 91136K, 44% used [0x00000003c0000000,0x00000003c2796b48,0x00000003c5900000)
 Metaspace       used 90276K, capacity 98505K, committed 98600K, reserved 1134592K
  class space    used 12088K, capacity 12917K, committed 12976K, reserved 1048576K
}
Event: 18.519 GC heap before
{Heap before GC invocations=15 (full 4):
 PSYoungGen      total 556032K, used 3882K [0x000000066ab00000, 0x0000000698300000, 0x00000007c0000000)
  eden space 533504K, 0% used [0x000000066ab00000,0x000000066ab00000,0x000000068b400000)
  from space 22528K, 17% used [0x000000068b400000,0x000000068b7caae0,0x000000068ca00000)
  to   space 22528K, 0% used [0x0000000696d00000,0x0000000696d00000,0x0000000698300000)
 ParOldGen       total 91136K, used 40538K [0x00000003c0000000, 0x00000003c5900000, 0x000000066ab00000)
  object space 91136K, 44% used [0x00000003c0000000,0x00000003c2796b48,0x00000003c5900000)
 Metaspace       used 90276K, capacity 98505K, committed 98600K, reserved 1134592K
  class space    used 12088K, capacity 12917K, committed 12976K, reserved 1048576K
Event: 18.599 GC heap after
Heap after GC invocations=15 (full 4):
 PSYoungGen      total 556032K, used 0K [0x000000066ab00000, 0x0000000698300000, 0x00000007c0000000)
  eden space 533504K, 0% used [0x000000066ab00000,0x000000066ab00000,0x000000068b400000)
  from space 22528K, 0% used [0x000000068b400000,0x000000068b400000,0x000000068ca00000)
  to   space 22528K, 0% used [0x0000000696d00000,0x0000000696d00000,0x0000000698300000)
 ParOldGen       total 114688K, used 27203K [0x00000003c0000000, 0x00000003c7000000, 0x000000066ab00000)
  object space 114688K, 23% used [0x00000003c0000000,0x00000003c1a90f98,0x00000003c7000000)
 Metaspace       used 90276K, capacity 98505K, committed 98600K, reserved 1134592K
  class space    used 12088K, capacity 12917K, committed 12976K, reserved 1048576K
}

