# JRE version: Java(TM) SE Runtime Environment (8.0_321-b07) (build 1.8.0_321-b07)
# Java VM: Java HotSpot(TM) 64-Bit Server VM (25.321-b07 mixed mode bsd-amd64 compressed oops)
Heap:
 PSYoungGen      total 532480K, used 414249K [0x000000066ab00000, 0x0000000695f00000, 0x00000007c0000000)
  eden space 510976K, 81% used [0x000000066ab00000,0x0000000683f8a7a0,0x0000000689e00000)
  from space 21504K, 0% used [0x0000000689e00000,0x0000000689e00000,0x000000068b300000)
  to   space 20992K, 0% used [0x0000000694a80000,0x0000000694a80000,0x0000000695f00000)
 ParOldGen       total 121856K, used 28560K [0x00000003c0000000, 0x00000003c7700000, 0x000000066ab00000)
  object space 121856K, 23% used [0x00000003c0000000,0x00000003c1be40e0,0x00000003c7700000)
 Metaspace       used 92414K, capacity 101061K, committed 101296K, reserved 1136640K
  class space    used 12341K, capacity 13213K, committed 13232K, reserved 1048576K
GC Heap History (10 events):
Event: 9.569 GC heap before
{Heap before GC invocations=11 (full 3):
 PSYoungGen      total 398848K, used 11763K [0x000000066ab00000, 0x0000000684400000, 0x00000007c0000000)
  eden space 387072K, 0% used [0x000000066ab00000,0x000000066ab00000,0x0000000682500000)
  from space 11776K, 99% used [0x0000000683480000,0x0000000683ffcef8,0x0000000684000000)
  to   space 15872K, 0% used [0x0000000682500000,0x0000000682500000,0x0000000683480000)
 ParOldGen       total 66048K, used 15159K [0x00000003c0000000, 0x00000003c4080000, 0x000000066ab00000)
  object space 66048K, 22% used [0x00000003c0000000,0x00000003c0ecdca0,0x00000003c4080000)
 Metaspace       used 55841K, capacity 58943K, committed 59160K, reserved 1101824K
  class space    used 7190K, capacity 7480K, committed 7600K, reserved 1048576K
Event: 9.651 GC heap after
Heap after GC invocations=11 (full 3):
 PSYoungGen      total 398848K, used 0K [0x000000066ab00000, 0x0000000684400000, 0x00000007c0000000)
  eden space 387072K, 0% used [0x000000066ab00000,0x000000066ab00000,0x0000000682500000)
  from space 11776K, 0% used [0x0000000683480000,0x0000000683480000,0x0000000684000000)
  to   space 15872K, 0% used [0x0000000682500000,0x0000000682500000,0x0000000683480000)
 ParOldGen       total 95232K, used 24086K [0x00000003c0000000, 0x00000003c5d00000, 0x000000066ab00000)
  object space 95232K, 25% used [0x00000003c0000000,0x00000003c17858d0,0x00000003c5d00000)
 Metaspace       used 55838K, capacity 58937K, committed 59160K, reserved 1101824K
  class space    used 7189K, capacity 7479K, committed 7600K, reserved 1048576K
}
Event: 13.572 GC heap before
{Heap before GC invocations=12 (full 3):
 PSYoungGen      total 398848K, used 387072K [0x000000066ab00000, 0x0000000684400000, 0x00000007c0000000)
  eden space 387072K, 100% used [0x000000066ab00000,0x0000000682500000,0x0000000682500000)
  from space 11776K, 0% used [0x0000000683480000,0x0000000683480000,0x0000000684000000)
  to   space 15872K, 0% used [0x0000000682500000,0x0000000682500000,0x0000000683480000)
 ParOldGen       total 95232K, used 24086K [0x00000003c0000000, 0x00000003c5d00000, 0x000000066ab00000)
  object space 95232K, 25% used [0x00000003c0000000,0x00000003c17858d0,0x00000003c5d00000)
 Metaspace       used 77026K, capacity 81679K, committed 81840K, reserved 1120256K
  class space    used 9932K, capacity 10367K, committed 10416K, reserved 1048576K
Event: 13.615 GC heap after
Heap after GC invocations=12 (full 3):
 PSYoungGen      total 402944K, used 15845K [0x000000066ab00000, 0x000000068cf00000, 0x00000007c0000000)
  eden space 387072K, 0% used [0x000000066ab00000,0x000000066ab00000,0x0000000682500000)
  from space 15872K, 99% used [0x0000000682500000,0x0000000683479448,0x0000000683480000)
  to   space 20992K, 0% used [0x000000068ba80000,0x000000068ba80000,0x000000068cf00000)
 ParOldGen       total 95232K, used 31374K [0x00000003c0000000, 0x00000003c5d00000, 0x000000066ab00000)
  object space 95232K, 32% used [0x00000003c0000000,0x00000003c1ea3a40,0x00000003c5d00000)
 Metaspace       used 77026K, capacity 81679K, committed 81840K, reserved 1120256K
  class space    used 9932K, capacity 10367K, committed 10416K, reserved 1048576K
}
Event: 16.954 GC heap before
{Heap before GC invocations=13 (full 3):
 PSYoungGen      total 402944K, used 402917K [0x000000066ab00000, 0x000000068cf00000, 0x00000007c0000000)
  eden space 387072K, 100% used [0x000000066ab00000,0x0000000682500000,0x0000000682500000)
  from space 15872K, 99% used [0x0000000682500000,0x0000000683479448,0x0000000683480000)
  to   space 20992K, 0% used [0x000000068ba80000,0x000000068ba80000,0x000000068cf00000)
 ParOldGen       total 95232K, used 31374K [0x00000003c0000000, 0x00000003c5d00000, 0x000000066ab00000)
  object space 95232K, 32% used [0x00000003c0000000,0x00000003c1ea3a40,0x00000003c5d00000)
 Metaspace       used 84735K, capacity 90059K, committed 90160K, reserved 1128448K
  class space    used 11066K, capacity 11541K, committed 11568K, reserved 1048576K
Event: 16.979 GC heap after
Heap after GC invocations=13 (full 3):
 PSYoungGen      total 523776K, used 13365K [0x000000066ab00000, 0x000000068c800000, 0x00000007c0000000)
  eden space 509952K, 0% used [0x000000066ab00000,0x000000066ab00000,0x0000000689d00000)
  from space 13824K, 96% used [0x000000068ba80000,0x000000068c78d668,0x000000068c800000)
  to   space 21504K, 0% used [0x0000000689e00000,0x0000000689e00000,0x000000068b300000)
 ParOldGen       total 95232K, used 31382K [0x00000003c0000000, 0x00000003c5d00000, 0x000000066ab00000)
  object space 95232K, 32% used [0x00000003c0000000,0x00000003c1ea5a40,0x00000003c5d00000)
 Metaspace       used 84735K, capacity 90059K, committed 90160K, reserved 1128448K
  class space    used 11066K, capacity 11541K, committed 11568K, reserved 1048576K
}
Event: 18.346 GC heap before
{Heap before GC invocations=14 (full 3):
 PSYoungGen      total 523776K, used 152339K [0x000000066ab00000, 0x000000068c800000, 0x00000007c0000000)
  eden space 509952K, 27% used [0x000000066ab00000,0x00000006732b7938,0x0000000689d00000)
  from space 13824K, 96% used [0x000000068ba80000,0x000000068c78d668,0x000000068c800000)
  to   space 21504K, 0% used [0x0000000689e00000,0x0000000689e00000,0x000000068b300000)
 ParOldGen       total 95232K, used 31382K [0x00000003c0000000, 0x00000003c5d00000, 0x000000066ab00000)
  object space 95232K, 32% used [0x00000003c0000000,0x00000003c1ea5a40,0x00000003c5d00000)
 Metaspace       used 90274K, capacity 98503K, committed 98600K, reserved 1134592K
  class space    used 12079K, capacity 12882K, committed 12976K, reserved 1048576K
Event: 18.362 GC heap after
Heap after GC invocations=14 (full 3):
 PSYoungGen      total 532480K, used 6474K [0x000000066ab00000, 0x0000000695f00000, 0x00000007c0000000)
  eden space 510976K, 0% used [0x000000066ab00000,0x000000066ab00000,0x0000000689e00000)
  from space 21504K, 30% used [0x0000000689e00000,0x000000068a452800,0x000000068b300000)
  to   space 20992K, 0% used [0x0000000694a80000,0x0000000694a80000,0x0000000695f00000)
 ParOldGen       total 95232K, used 39344K [0x00000003c0000000, 0x00000003c5d00000, 0x000000066ab00000)
  object space 95232K, 41% used [0x00000003c0000000,0x00000003c266c158,0x00000003c5d00000)
 Metaspace       used 90274K, capacity 98503K, committed 98600K, reserved 1134592K
  class space    used 12079K, capacity 12882K, committed 12976K, reserved 1048576K
}
Event: 18.362 GC heap before
{Heap before GC invocations=15 (full 4):
 PSYoungGen      total 532480K, used 6474K [0x000000066ab00000, 0x0000000695f00000, 0x00000007c0000000)
  eden space 510976K, 0% used [0x000000066ab00000,0x000000066ab00000,0x0000000689e00000)
  from space 21504K, 30% used [0x0000000689e00000,0x000000068a452800,0x000000068b300000)
  to   space 20992K, 0% used [0x0000000694a80000,0x0000000694a80000,0x0000000695f00000)
 ParOldGen       total 95232K, used 39344K [0x00000003c0000000, 0x00000003c5d00000, 0x000000066ab00000)
  object space 95232K, 41% used [0x00000003c0000000,0x00000003c266c158,0x00000003c5d00000)
 Metaspace       used 90274K, capacity 98503K, committed 98600K, reserved 1134592K
  class space    used 12079K, capacity 12882K, committed 12976K, reserved 1048576K
Event: 18.457 GC heap after
Heap after GC invocations=15 (full 4):
 PSYoungGen      total 532480K, used 0K [0x000000066ab00000, 0x0000000695f00000, 0x00000007c0000000)
  eden space 510976K, 0% used [0x000000066ab00000,0x000000066ab00000,0x0000000689e00000)
  from space 21504K, 0% used [0x0000000689e00000,0x0000000689e00000,0x000000068b300000)
  to   space 20992K, 0% used [0x0000000694a80000,0x0000000694a80000,0x0000000695f00000)
 ParOldGen       total 121856K, used 28560K [0x00000003c0000000, 0x00000003c7700000, 0x000000066ab00000)
  object space 121856K, 23% used [0x00000003c0000000,0x00000003c1be40e0,0x00000003c7700000)
 Metaspace       used 90274K, capacity 98503K, committed 98600K, reserved 1134592K
  class space    used 12079K, capacity 12882K, committed 12976K, reserved 1048576K
}

